Connecting to database specified by database.yml
Connecting to database specified by database.yml
Connecting to database specified by database.yml
Connecting to database specified by database.yml


Started GET "/assets/rails.png" for 127.0.0.1 at 2013-09-02 21:52:17 -0700
Served asset /rails.png - 200 OK (57ms)


Started GET "/assets/rails.png" for 127.0.0.1 at 2013-09-02 21:52:18 -0700
Served asset /rails.png - 304 Not Modified (0ms)
Connecting to database specified by database.yml
Connecting to database specified by database.yml
Connecting to database specified by database.yml
Connecting to database specified by database.yml
Connecting to database specified by database.yml


Started GET "/assets/rails.png" for 127.0.0.1 at 2013-09-02 22:06:22 -0700
Served asset /rails.png - 304 Not Modified (4ms)
Connecting to database specified by database.yml
Connecting to database specified by database.yml


Started GET "/assets/rails.png" for 127.0.0.1 at 2013-09-02 22:18:20 -0700
Served asset /rails.png - 304 Not Modified (4ms)


Started GET "/assets/rails.png" for 127.0.0.1 at 2013-09-02 22:18:22 -0700
Served asset /rails.png - 304 Not Modified (0ms)


Started GET "/assets/rails.png" for 127.0.0.1 at 2013-09-02 22:18:25 -0700
Served asset /rails.png - 304 Not Modified (0ms)


Started GET "/assets/rails.png" for 127.0.0.1 at 2013-09-02 22:18:29 -0700
Served asset /rails.png - 304 Not Modified (0ms)
Connecting to database specified by database.yml
Connecting to database specified by database.yml


Started GET "/" for 127.0.0.1 at 2013-09-02 22:21:00 -0700
Processing by ScraperController#scrape as HTML
  Rendered scraper/scrape.html.erb within layouts/application (2.7ms)
Compiled scraper.css  (79ms)  (pid 4443)
Compiled application.css  (89ms)  (pid 4443)
Compiled jquery.js  (3ms)  (pid 4443)
Compiled jquery_ujs.js  (0ms)  (pid 4443)
Compiled parse-query-string.js  (0ms)  (pid 4443)
Compiled scraper.js  (0ms)  (pid 4443)
Compiled application.js  (115ms)  (pid 4443)
Completed 200 OK in 289ms (Views: 288.1ms | ActiveRecord: 0.0ms)


Started GET "/assets/scraper.css?body=1" for 127.0.0.1 at 2013-09-02 22:21:00 -0700
Served asset /scraper.css - 200 OK (10ms)


Started GET "/assets/jquery_ujs.js?body=1" for 127.0.0.1 at 2013-09-02 22:21:00 -0700
Served asset /jquery_ujs.js - 200 OK (3ms)


Started GET "/assets/application.css?body=1" for 127.0.0.1 at 2013-09-02 22:21:00 -0700
Served asset /application.css - 200 OK (3ms)


Started GET "/assets/jquery.js?body=1" for 127.0.0.1 at 2013-09-02 22:21:00 -0700
Served asset /jquery.js - 200 OK (4ms)


Started GET "/assets/parse-query-string.js?body=1" for 127.0.0.1 at 2013-09-02 22:21:00 -0700
Served asset /parse-query-string.js - 200 OK (1ms)


Started GET "/assets/scraper.js?body=1" for 127.0.0.1 at 2013-09-02 22:21:00 -0700
Served asset /scraper.js - 200 OK (1ms)


Started GET "/assets/application.js?body=1" for 127.0.0.1 at 2013-09-02 22:21:00 -0700
Served asset /application.js - 200 OK (14ms)


Started GET "/pull-license.php?license=0I02102" for 127.0.0.1 at 2013-09-02 22:21:00 -0700

ActionController::RoutingError (No route matches [GET] "/pull-license.php"):
  actionpack (3.2.13) lib/action_dispatch/middleware/debug_exceptions.rb:21:in `call'
  actionpack (3.2.13) lib/action_dispatch/middleware/show_exceptions.rb:56:in `call'
  railties (3.2.13) lib/rails/rack/logger.rb:32:in `call_app'
  railties (3.2.13) lib/rails/rack/logger.rb:16:in `block in call'
  activesupport (3.2.13) lib/active_support/tagged_logging.rb:22:in `tagged'
  railties (3.2.13) lib/rails/rack/logger.rb:16:in `call'
  actionpack (3.2.13) lib/action_dispatch/middleware/request_id.rb:22:in `call'
  rack (1.4.5) lib/rack/methodoverride.rb:21:in `call'
  rack (1.4.5) lib/rack/runtime.rb:17:in `call'
  activesupport (3.2.13) lib/active_support/cache/strategy/local_cache.rb:72:in `call'
  rack (1.4.5) lib/rack/lock.rb:15:in `call'
  actionpack (3.2.13) lib/action_dispatch/middleware/static.rb:63:in `call'
  railties (3.2.13) lib/rails/engine.rb:479:in `call'
  railties (3.2.13) lib/rails/application.rb:223:in `call'
  rack (1.4.5) lib/rack/content_length.rb:14:in `call'
  railties (3.2.13) lib/rails/rack/log_tailer.rb:17:in `call'
  rack (1.4.5) lib/rack/handler/webrick.rb:59:in `service'
  /usr/local/rvm/rubies/ruby-1.9.3-p392/lib/ruby/1.9.1/webrick/httpserver.rb:138:in `service'
  /usr/local/rvm/rubies/ruby-1.9.3-p392/lib/ruby/1.9.1/webrick/httpserver.rb:94:in `run'
  /usr/local/rvm/rubies/ruby-1.9.3-p392/lib/ruby/1.9.1/webrick/server.rb:191:in `block in start_thread'


  Rendered /usr/local/rvm/gems/ruby-1.9.3-p392/gems/actionpack-3.2.13/lib/action_dispatch/middleware/templates/rescues/routing_error.erb within rescues/layout (0.8ms)


Started GET "/" for 127.0.0.1 at 2013-09-02 22:23:59 -0700
Processing by ScraperController#scrape as HTML
  Rendered scraper/scrape.html.erb within layouts/application (0.1ms)
Completed 200 OK in 10ms (Views: 9.3ms | ActiveRecord: 0.0ms)


Started GET "/assets/application.css?body=1" for 127.0.0.1 at 2013-09-02 22:23:59 -0700
Served asset /application.css - 304 Not Modified (0ms)


Started GET "/assets/scraper.css?body=1" for 127.0.0.1 at 2013-09-02 22:23:59 -0700
Served asset /scraper.css - 304 Not Modified (0ms)


Started GET "/assets/jquery_ujs.js?body=1" for 127.0.0.1 at 2013-09-02 22:23:59 -0700
Served asset /jquery_ujs.js - 304 Not Modified (0ms)


Started GET "/assets/jquery.js?body=1" for 127.0.0.1 at 2013-09-02 22:23:59 -0700
Served asset /jquery.js - 304 Not Modified (0ms)


Started GET "/assets/application.js?body=1" for 127.0.0.1 at 2013-09-02 22:23:59 -0700
Served asset /application.js - 304 Not Modified (0ms)


Started GET "/assets/parse-query-string.js?body=1" for 127.0.0.1 at 2013-09-02 22:23:59 -0700
Served asset /parse-query-string.js - 304 Not Modified (0ms)


Started GET "/assets/scraper.js?body=1" for 127.0.0.1 at 2013-09-02 22:23:59 -0700
Served asset /scraper.js - 304 Not Modified (0ms)


Started GET "/pull-license.php?license=0I02102" for 127.0.0.1 at 2013-09-02 22:23:59 -0700

ActionController::RoutingError (No route matches [GET] "/pull-license.php"):
  actionpack (3.2.13) lib/action_dispatch/middleware/debug_exceptions.rb:21:in `call'
  actionpack (3.2.13) lib/action_dispatch/middleware/show_exceptions.rb:56:in `call'
  railties (3.2.13) lib/rails/rack/logger.rb:32:in `call_app'
  railties (3.2.13) lib/rails/rack/logger.rb:16:in `block in call'
  activesupport (3.2.13) lib/active_support/tagged_logging.rb:22:in `tagged'
  railties (3.2.13) lib/rails/rack/logger.rb:16:in `call'
  actionpack (3.2.13) lib/action_dispatch/middleware/request_id.rb:22:in `call'
  rack (1.4.5) lib/rack/methodoverride.rb:21:in `call'
  rack (1.4.5) lib/rack/runtime.rb:17:in `call'
  activesupport (3.2.13) lib/active_support/cache/strategy/local_cache.rb:72:in `call'
  rack (1.4.5) lib/rack/lock.rb:15:in `call'
  actionpack (3.2.13) lib/action_dispatch/middleware/static.rb:63:in `call'
  railties (3.2.13) lib/rails/engine.rb:479:in `call'
  railties (3.2.13) lib/rails/application.rb:223:in `call'
  rack (1.4.5) lib/rack/content_length.rb:14:in `call'
  railties (3.2.13) lib/rails/rack/log_tailer.rb:17:in `call'
  rack (1.4.5) lib/rack/handler/webrick.rb:59:in `service'
  /usr/local/rvm/rubies/ruby-1.9.3-p392/lib/ruby/1.9.1/webrick/httpserver.rb:138:in `service'
  /usr/local/rvm/rubies/ruby-1.9.3-p392/lib/ruby/1.9.1/webrick/httpserver.rb:94:in `run'
  /usr/local/rvm/rubies/ruby-1.9.3-p392/lib/ruby/1.9.1/webrick/server.rb:191:in `block in start_thread'


  Rendered /usr/local/rvm/gems/ruby-1.9.3-p392/gems/actionpack-3.2.13/lib/action_dispatch/middleware/templates/rescues/routing_error.erb within rescues/layout (0.9ms)


Started GET "/" for 127.0.0.1 at 2013-09-02 22:26:39 -0700
Processing by ScraperController#scrape as HTML
  Rendered scraper/scrape.html.erb within layouts/application (0.1ms)
Compiled scraper.js  (0ms)  (pid 4443)
Compiled application.js  (4ms)  (pid 4443)
Completed 200 OK in 75ms (Views: 74.2ms | ActiveRecord: 0.0ms)


Started GET "/assets/application.css?body=1" for 127.0.0.1 at 2013-09-02 22:26:39 -0700
Served asset /application.css - 304 Not Modified (0ms)


Started GET "/assets/jquery.js?body=1" for 127.0.0.1 at 2013-09-02 22:26:40 -0700
Served asset /jquery.js - 304 Not Modified (0ms)


Started GET "/assets/jquery_ujs.js?body=1" for 127.0.0.1 at 2013-09-02 22:26:40 -0700
Served asset /jquery_ujs.js - 304 Not Modified (0ms)


Started GET "/assets/parse-query-string.js?body=1" for 127.0.0.1 at 2013-09-02 22:26:40 -0700
Served asset /parse-query-string.js - 304 Not Modified (0ms)


Started GET "/assets/scraper.css?body=1" for 127.0.0.1 at 2013-09-02 22:26:40 -0700
Served asset /scraper.css - 304 Not Modified (0ms)


Started GET "/assets/scraper.js?body=1" for 127.0.0.1 at 2013-09-02 22:26:40 -0700
Served asset /scraper.js - 200 OK (10ms)


Started GET "/assets/application.js?body=1" for 127.0.0.1 at 2013-09-02 22:26:40 -0700
Served asset /application.js - 304 Not Modified (10ms)


Started GET "/pull_url?license=0I02102" for 127.0.0.1 at 2013-09-02 22:26:40 -0700
Processing by ScraperController#pull_url as HTML
  Parameters: {"license"=>"0I02102"}
Completed 500 Internal Server Error in 1ms

Errno::ENOENT (No such file or directory - http://interactive.web.insurance.ca.gov/webuser/LIC_STS_UTL.GET_LIC_DETAILS?P_IL_LIC_NBR=0I02100):
  app/controllers/scraper_controller.rb:6:in `initialize'
  app/controllers/scraper_controller.rb:6:in `open'
  app/controllers/scraper_controller.rb:6:in `pull_url'


  Rendered /usr/local/rvm/gems/ruby-1.9.3-p392/gems/actionpack-3.2.13/lib/action_dispatch/middleware/templates/rescues/_trace.erb (1.8ms)
  Rendered /usr/local/rvm/gems/ruby-1.9.3-p392/gems/actionpack-3.2.13/lib/action_dispatch/middleware/templates/rescues/_request_and_response.erb (1.2ms)
  Rendered /usr/local/rvm/gems/ruby-1.9.3-p392/gems/actionpack-3.2.13/lib/action_dispatch/middleware/templates/rescues/diagnostics.erb within rescues/layout (14.1ms)


Started GET "/" for 127.0.0.1 at 2013-09-02 22:27:15 -0700
Processing by ScraperController#scrape as HTML
  Rendered scraper/scrape.html.erb within layouts/application (0.0ms)
Completed 200 OK in 8ms (Views: 8.0ms | ActiveRecord: 0.0ms)


Started GET "/assets/jquery_ujs.js?body=1" for 127.0.0.1 at 2013-09-02 22:27:15 -0700
Served asset /jquery_ujs.js - 304 Not Modified (0ms)


Started GET "/assets/application.css?body=1" for 127.0.0.1 at 2013-09-02 22:27:15 -0700
Served asset /application.css - 304 Not Modified (0ms)


Started GET "/assets/jquery.js?body=1" for 127.0.0.1 at 2013-09-02 22:27:15 -0700
Served asset /jquery.js - 304 Not Modified (0ms)


Started GET "/assets/scraper.css?body=1" for 127.0.0.1 at 2013-09-02 22:27:15 -0700
Served asset /scraper.css - 304 Not Modified (0ms)


Started GET "/assets/scraper.js?body=1" for 127.0.0.1 at 2013-09-02 22:27:15 -0700
Served asset /scraper.js - 304 Not Modified (0ms)


Started GET "/assets/parse-query-string.js?body=1" for 127.0.0.1 at 2013-09-02 22:27:15 -0700
Served asset /parse-query-string.js - 304 Not Modified (0ms)


Started GET "/assets/application.js?body=1" for 127.0.0.1 at 2013-09-02 22:27:15 -0700
Served asset /application.js - 304 Not Modified (0ms)


Started GET "/pull_url?license=0I02102" for 127.0.0.1 at 2013-09-02 22:27:15 -0700
Processing by ScraperController#pull_url as HTML
  Parameters: {"license"=>"0I02102"}
Completed 500 Internal Server Error in 371ms

OpenSSL::SSL::SSLError (SSL_connect returned=1 errno=0 state=SSLv3 read server certificate B: certificate verify failed):
  app/controllers/scraper_controller.rb:8:in `pull_url'


  Rendered /usr/local/rvm/gems/ruby-1.9.3-p392/gems/actionpack-3.2.13/lib/action_dispatch/middleware/templates/rescues/_trace.erb (1.6ms)
  Rendered /usr/local/rvm/gems/ruby-1.9.3-p392/gems/actionpack-3.2.13/lib/action_dispatch/middleware/templates/rescues/_request_and_response.erb (1.3ms)
  Rendered /usr/local/rvm/gems/ruby-1.9.3-p392/gems/actionpack-3.2.13/lib/action_dispatch/middleware/templates/rescues/diagnostics.erb within rescues/layout (10.7ms)


Started GET "/" for 127.0.0.1 at 2013-09-02 22:29:16 -0700

SyntaxError (/Users/Chase/Documents/Projects With Ben/LicenseScraper/app/controllers/scraper_controller.rb:8: dynamic constant assignment
  	OpenSSL::SSL::VERIFY_PEER = OpenSSL::SSL::VERIFY_NONE
  	                           ^):
  activesupport (3.2.13) lib/active_support/dependencies.rb:469:in `load'
  activesupport (3.2.13) lib/active_support/dependencies.rb:469:in `block in load_file'
  activesupport (3.2.13) lib/active_support/dependencies.rb:639:in `new_constants_in'
  activesupport (3.2.13) lib/active_support/dependencies.rb:468:in `load_file'
  activesupport (3.2.13) lib/active_support/dependencies.rb:353:in `require_or_load'
  activesupport (3.2.13) lib/active_support/dependencies.rb:502:in `load_missing_constant'
  activesupport (3.2.13) lib/active_support/dependencies.rb:192:in `block in const_missing'
  activesupport (3.2.13) lib/active_support/dependencies.rb:190:in `each'
  activesupport (3.2.13) lib/active_support/dependencies.rb:190:in `const_missing'
  activesupport (3.2.13) lib/active_support/inflector/methods.rb:230:in `block in constantize'
  activesupport (3.2.13) lib/active_support/inflector/methods.rb:229:in `each'
  activesupport (3.2.13) lib/active_support/inflector/methods.rb:229:in `constantize'
  activesupport (3.2.13) lib/active_support/dependencies.rb:554:in `get'
  actionpack (3.2.13) lib/action_dispatch/routing/route_set.rb:69:in `controller_reference'
  actionpack (3.2.13) lib/action_dispatch/routing/route_set.rb:54:in `controller'
  actionpack (3.2.13) lib/action_dispatch/routing/route_set.rb:32:in `call'
  journey (1.0.4) lib/journey/router.rb:68:in `block in call'
  journey (1.0.4) lib/journey/router.rb:56:in `each'
  journey (1.0.4) lib/journey/router.rb:56:in `call'
  actionpack (3.2.13) lib/action_dispatch/routing/route_set.rb:612:in `call'
  actionpack (3.2.13) lib/action_dispatch/middleware/best_standards_support.rb:17:in `call'
  rack (1.4.5) lib/rack/etag.rb:23:in `call'
  rack (1.4.5) lib/rack/conditionalget.rb:25:in `call'
  actionpack (3.2.13) lib/action_dispatch/middleware/head.rb:14:in `call'
  actionpack (3.2.13) lib/action_dispatch/middleware/params_parser.rb:21:in `call'
  actionpack (3.2.13) lib/action_dispatch/middleware/flash.rb:242:in `call'
  rack (1.4.5) lib/rack/session/abstract/id.rb:210:in `context'
  rack (1.4.5) lib/rack/session/abstract/id.rb:205:in `call'
  actionpack (3.2.13) lib/action_dispatch/middleware/cookies.rb:341:in `call'
  activerecord (3.2.13) lib/active_record/query_cache.rb:64:in `call'
  activerecord (3.2.13) lib/active_record/connection_adapters/abstract/connection_pool.rb:479:in `call'
  actionpack (3.2.13) lib/action_dispatch/middleware/callbacks.rb:28:in `block in call'
  activesupport (3.2.13) lib/active_support/callbacks.rb:405:in `_run__4545869172502963095__call__1287938984129457597__callbacks'
  activesupport (3.2.13) lib/active_support/callbacks.rb:405:in `__run_callback'
  activesupport (3.2.13) lib/active_support/callbacks.rb:385:in `_run_call_callbacks'
  activesupport (3.2.13) lib/active_support/callbacks.rb:81:in `run_callbacks'
  actionpack (3.2.13) lib/action_dispatch/middleware/callbacks.rb:27:in `call'
  actionpack (3.2.13) lib/action_dispatch/middleware/reloader.rb:65:in `call'
  actionpack (3.2.13) lib/action_dispatch/middleware/remote_ip.rb:31:in `call'
  actionpack (3.2.13) lib/action_dispatch/middleware/debug_exceptions.rb:16:in `call'
  actionpack (3.2.13) lib/action_dispatch/middleware/show_exceptions.rb:56:in `call'
  railties (3.2.13) lib/rails/rack/logger.rb:32:in `call_app'
  railties (3.2.13) lib/rails/rack/logger.rb:16:in `block in call'
  activesupport (3.2.13) lib/active_support/tagged_logging.rb:22:in `tagged'
  railties (3.2.13) lib/rails/rack/logger.rb:16:in `call'
  actionpack (3.2.13) lib/action_dispatch/middleware/request_id.rb:22:in `call'
  rack (1.4.5) lib/rack/methodoverride.rb:21:in `call'
  rack (1.4.5) lib/rack/runtime.rb:17:in `call'
  activesupport (3.2.13) lib/active_support/cache/strategy/local_cache.rb:72:in `call'
  rack (1.4.5) lib/rack/lock.rb:15:in `call'
  actionpack (3.2.13) lib/action_dispatch/middleware/static.rb:63:in `call'
  railties (3.2.13) lib/rails/engine.rb:479:in `call'
  railties (3.2.13) lib/rails/application.rb:223:in `call'
  rack (1.4.5) lib/rack/content_length.rb:14:in `call'
  railties (3.2.13) lib/rails/rack/log_tailer.rb:17:in `call'
  rack (1.4.5) lib/rack/handler/webrick.rb:59:in `service'
  /usr/local/rvm/rubies/ruby-1.9.3-p392/lib/ruby/1.9.1/webrick/httpserver.rb:138:in `service'
  /usr/local/rvm/rubies/ruby-1.9.3-p392/lib/ruby/1.9.1/webrick/httpserver.rb:94:in `run'
  /usr/local/rvm/rubies/ruby-1.9.3-p392/lib/ruby/1.9.1/webrick/server.rb:191:in `block in start_thread'


  Rendered /usr/local/rvm/gems/ruby-1.9.3-p392/gems/actionpack-3.2.13/lib/action_dispatch/middleware/templates/rescues/_trace.erb (3.8ms)
  Rendered /usr/local/rvm/gems/ruby-1.9.3-p392/gems/actionpack-3.2.13/lib/action_dispatch/middleware/templates/rescues/_request_and_response.erb (1.3ms)
  Rendered /usr/local/rvm/gems/ruby-1.9.3-p392/gems/actionpack-3.2.13/lib/action_dispatch/middleware/templates/rescues/diagnostics.erb within rescues/layout (13.5ms)
Connecting to database specified by database.yml


Started GET "/" for 127.0.0.1 at 2013-09-02 22:37:24 -0700

SyntaxError (/Users/Chase/Documents/projects with ben/LicenseScraper/app/controllers/scraper_controller.rb:8: dynamic constant assignment
  	OpenSSL::SSL::VERIFY_PEER = OpenSSL::SSL::VERIFY_NONE
  	                           ^):
  activesupport (3.2.13) lib/active_support/dependencies.rb:469:in `load'
  activesupport (3.2.13) lib/active_support/dependencies.rb:469:in `block in load_file'
  activesupport (3.2.13) lib/active_support/dependencies.rb:639:in `new_constants_in'
  activesupport (3.2.13) lib/active_support/dependencies.rb:468:in `load_file'
  activesupport (3.2.13) lib/active_support/dependencies.rb:353:in `require_or_load'
  activesupport (3.2.13) lib/active_support/dependencies.rb:502:in `load_missing_constant'
  activesupport (3.2.13) lib/active_support/dependencies.rb:192:in `block in const_missing'
  activesupport (3.2.13) lib/active_support/dependencies.rb:190:in `each'
  activesupport (3.2.13) lib/active_support/dependencies.rb:190:in `const_missing'
  activesupport (3.2.13) lib/active_support/inflector/methods.rb:230:in `block in constantize'
  activesupport (3.2.13) lib/active_support/inflector/methods.rb:229:in `each'
  activesupport (3.2.13) lib/active_support/inflector/methods.rb:229:in `constantize'
  activesupport (3.2.13) lib/active_support/dependencies.rb:554:in `get'
  actionpack (3.2.13) lib/action_dispatch/routing/route_set.rb:69:in `controller_reference'
  actionpack (3.2.13) lib/action_dispatch/routing/route_set.rb:54:in `controller'
  actionpack (3.2.13) lib/action_dispatch/routing/route_set.rb:32:in `call'
  journey (1.0.4) lib/journey/router.rb:68:in `block in call'
  journey (1.0.4) lib/journey/router.rb:56:in `each'
  journey (1.0.4) lib/journey/router.rb:56:in `call'
  actionpack (3.2.13) lib/action_dispatch/routing/route_set.rb:612:in `call'
  actionpack (3.2.13) lib/action_dispatch/middleware/best_standards_support.rb:17:in `call'
  rack (1.4.5) lib/rack/etag.rb:23:in `call'
  rack (1.4.5) lib/rack/conditionalget.rb:25:in `call'
  actionpack (3.2.13) lib/action_dispatch/middleware/head.rb:14:in `call'
  actionpack (3.2.13) lib/action_dispatch/middleware/params_parser.rb:21:in `call'
  actionpack (3.2.13) lib/action_dispatch/middleware/flash.rb:242:in `call'
  rack (1.4.5) lib/rack/session/abstract/id.rb:210:in `context'
  rack (1.4.5) lib/rack/session/abstract/id.rb:205:in `call'
  actionpack (3.2.13) lib/action_dispatch/middleware/cookies.rb:341:in `call'
  activerecord (3.2.13) lib/active_record/query_cache.rb:64:in `call'
  activerecord (3.2.13) lib/active_record/connection_adapters/abstract/connection_pool.rb:479:in `call'
  actionpack (3.2.13) lib/action_dispatch/middleware/callbacks.rb:28:in `block in call'
  activesupport (3.2.13) lib/active_support/callbacks.rb:405:in `_run__3939183747870339467__call__3448463306573261595__callbacks'
  activesupport (3.2.13) lib/active_support/callbacks.rb:405:in `__run_callback'
  activesupport (3.2.13) lib/active_support/callbacks.rb:385:in `_run_call_callbacks'
  activesupport (3.2.13) lib/active_support/callbacks.rb:81:in `run_callbacks'
  actionpack (3.2.13) lib/action_dispatch/middleware/callbacks.rb:27:in `call'
  actionpack (3.2.13) lib/action_dispatch/middleware/reloader.rb:65:in `call'
  actionpack (3.2.13) lib/action_dispatch/middleware/remote_ip.rb:31:in `call'
  actionpack (3.2.13) lib/action_dispatch/middleware/debug_exceptions.rb:16:in `call'
  actionpack (3.2.13) lib/action_dispatch/middleware/show_exceptions.rb:56:in `call'
  railties (3.2.13) lib/rails/rack/logger.rb:32:in `call_app'
  railties (3.2.13) lib/rails/rack/logger.rb:16:in `block in call'
  activesupport (3.2.13) lib/active_support/tagged_logging.rb:22:in `tagged'
  railties (3.2.13) lib/rails/rack/logger.rb:16:in `call'
  actionpack (3.2.13) lib/action_dispatch/middleware/request_id.rb:22:in `call'
  rack (1.4.5) lib/rack/methodoverride.rb:21:in `call'
  rack (1.4.5) lib/rack/runtime.rb:17:in `call'
  activesupport (3.2.13) lib/active_support/cache/strategy/local_cache.rb:72:in `call'
  rack (1.4.5) lib/rack/lock.rb:15:in `call'
  actionpack (3.2.13) lib/action_dispatch/middleware/static.rb:63:in `call'
  railties (3.2.13) lib/rails/engine.rb:479:in `call'
  railties (3.2.13) lib/rails/application.rb:223:in `call'
  rack (1.4.5) lib/rack/content_length.rb:14:in `call'
  railties (3.2.13) lib/rails/rack/log_tailer.rb:17:in `call'
  rack (1.4.5) lib/rack/handler/webrick.rb:59:in `service'
  /usr/local/rvm/rubies/ruby-1.9.3-p392/lib/ruby/1.9.1/webrick/httpserver.rb:138:in `service'
  /usr/local/rvm/rubies/ruby-1.9.3-p392/lib/ruby/1.9.1/webrick/httpserver.rb:94:in `run'
  /usr/local/rvm/rubies/ruby-1.9.3-p392/lib/ruby/1.9.1/webrick/server.rb:191:in `block in start_thread'


  Rendered /usr/local/rvm/gems/ruby-1.9.3-p392/gems/actionpack-3.2.13/lib/action_dispatch/middleware/templates/rescues/_trace.erb (1.5ms)
  Rendered /usr/local/rvm/gems/ruby-1.9.3-p392/gems/actionpack-3.2.13/lib/action_dispatch/middleware/templates/rescues/_request_and_response.erb (29.0ms)
  Rendered /usr/local/rvm/gems/ruby-1.9.3-p392/gems/actionpack-3.2.13/lib/action_dispatch/middleware/templates/rescues/diagnostics.erb within rescues/layout (43.3ms)


Started GET "/" for 127.0.0.1 at 2013-09-02 22:38:33 -0700
Processing by ScraperController#scrape as HTML
  Rendered scraper/scrape.html.erb within layouts/application (0.4ms)
Completed 200 OK in 45ms (Views: 44.1ms | ActiveRecord: 0.0ms)


Started GET "/assets/scraper.css?body=1" for 127.0.0.1 at 2013-09-02 22:38:33 -0700
Served asset /scraper.css - 200 OK (1ms)


Started GET "/assets/application.css?body=1" for 127.0.0.1 at 2013-09-02 22:38:33 -0700
Served asset /application.css - 200 OK (34ms)


Started GET "/assets/application.js?body=1" for 127.0.0.1 at 2013-09-02 22:38:33 -0700
Served asset /application.js - 200 OK (6ms)


Started GET "/assets/jquery.js?body=1" for 127.0.0.1 at 2013-09-02 22:38:33 -0700
Served asset /jquery.js - 200 OK (7ms)


Started GET "/assets/jquery_ujs.js?body=1" for 127.0.0.1 at 2013-09-02 22:38:33 -0700
Served asset /jquery_ujs.js - 200 OK (2ms)


Started GET "/assets/scraper.js?body=1" for 127.0.0.1 at 2013-09-02 22:38:33 -0700
Served asset /scraper.js - 200 OK (1ms)


Started GET "/assets/parse-query-string.js?body=1" for 127.0.0.1 at 2013-09-02 22:38:33 -0700
Served asset /parse-query-string.js - 200 OK (1ms)


Started GET "/pull_url?license=0I02102" for 127.0.0.1 at 2013-09-02 22:38:33 -0700
Processing by ScraperController#pull_url as HTML
  Parameters: {"license"=>"0I02102"}
  Rendered text template (0.0ms)
Completed 200 OK in 899ms (Views: 15.3ms | ActiveRecord: 0.0ms)


Started GET "/" for 127.0.0.1 at 2013-09-02 22:42:16 -0700
Processing by ScraperController#scrape as HTML
  Rendered scraper/scrape.html.erb within layouts/application (0.0ms)
Completed 200 OK in 8ms (Views: 7.5ms | ActiveRecord: 0.0ms)


Started GET "/assets/application.css?body=1" for 127.0.0.1 at 2013-09-02 22:42:17 -0700
Served asset /application.css - 304 Not Modified (0ms)


Started GET "/assets/jquery.js?body=1" for 127.0.0.1 at 2013-09-02 22:42:17 -0700
Served asset /jquery.js - 304 Not Modified (0ms)


Started GET "/assets/jquery_ujs.js?body=1" for 127.0.0.1 at 2013-09-02 22:42:17 -0700
Served asset /jquery_ujs.js - 304 Not Modified (0ms)


Started GET "/assets/scraper.css?body=1" for 127.0.0.1 at 2013-09-02 22:42:17 -0700
Served asset /scraper.css - 304 Not Modified (0ms)


Started GET "/assets/parse-query-string.js?body=1" for 127.0.0.1 at 2013-09-02 22:42:17 -0700
Served asset /parse-query-string.js - 304 Not Modified (0ms)


Started GET "/assets/scraper.js?body=1" for 127.0.0.1 at 2013-09-02 22:42:17 -0700
Served asset /scraper.js - 304 Not Modified (0ms)


Started GET "/assets/application.js?body=1" for 127.0.0.1 at 2013-09-02 22:42:17 -0700
Served asset /application.js - 304 Not Modified (0ms)


Started GET "/pull_url?license=0I02102" for 127.0.0.1 at 2013-09-02 22:42:17 -0700
Processing by ScraperController#pull_url as HTML
  Parameters: {"license"=>"0I02102"}
  Rendered text template (0.0ms)
Completed 200 OK in 1055ms (Views: 0.6ms | ActiveRecord: 0.0ms)


Started GET "/?license=0I02100" for 127.0.0.1 at 2013-09-02 22:42:42 -0700
Processing by ScraperController#scrape as HTML
  Parameters: {"license"=>"0I02100"}
  Rendered scraper/scrape.html.erb within layouts/application (0.1ms)
Completed 200 OK in 8ms (Views: 7.8ms | ActiveRecord: 0.0ms)


Started GET "/assets/scraper.css?body=1" for 127.0.0.1 at 2013-09-02 22:42:42 -0700
Served asset /scraper.css - 304 Not Modified (0ms)


Started GET "/assets/application.css?body=1" for 127.0.0.1 at 2013-09-02 22:42:42 -0700
Served asset /application.css - 304 Not Modified (0ms)


Started GET "/assets/jquery.js?body=1" for 127.0.0.1 at 2013-09-02 22:42:42 -0700
Served asset /jquery.js - 304 Not Modified (0ms)


Started GET "/assets/jquery_ujs.js?body=1" for 127.0.0.1 at 2013-09-02 22:42:42 -0700
Served asset /jquery_ujs.js - 304 Not Modified (0ms)


Started GET "/assets/application.js?body=1" for 127.0.0.1 at 2013-09-02 22:42:42 -0700
Served asset /application.js - 304 Not Modified (3ms)


Started GET "/assets/scraper.js?body=1" for 127.0.0.1 at 2013-09-02 22:42:42 -0700
Served asset /scraper.js - 304 Not Modified (0ms)


Started GET "/assets/parse-query-string.js?body=1" for 127.0.0.1 at 2013-09-02 22:42:42 -0700
Served asset /parse-query-string.js - 304 Not Modified (0ms)


Started GET "/pull_url?license=0I02100" for 127.0.0.1 at 2013-09-02 22:42:42 -0700
Processing by ScraperController#pull_url as HTML
  Parameters: {"license"=>"0I02100"}
  Rendered text template (0.0ms)
Completed 200 OK in 551ms (Views: 0.6ms | ActiveRecord: 0.0ms)
